[2025-10-11 20:42:28.947] [info] [0] yolo: 30.1ms, tracker: 0.0ms, aimer: 0.0ms
[2025-10-11 20:42:28.996] [info] [1] yolo: 10.5ms, tracker: 2.1ms, aimer: 0.0ms
[2025-10-11 20:42:29.012] [info] [2] yolo: 12.0ms, tracker: 0.0ms, aimer: 0.0ms
[2025-10-11 20:42:29.057] [info] [3] yolo: 9.8ms, tracker: 0.5ms, aimer: 0.0ms
[2025-10-11 20:42:29.103] [info] [4] yolo: 10.0ms, tracker: 0.5ms, aimer: 0.0ms
[2025-10-11 20:42:29.152] [info] [5] yolo: 13.1ms, tracker: 0.5ms, aimer: 0.0ms
[2025-10-11 20:42:29.196] [info] [6] yolo: 8.7ms, tracker: 0.4ms, aimer: 0.0ms
[2025-10-11 20:42:29.240] [info] [7] yolo: 8.2ms, tracker: 0.4ms, aimer: 0.0ms
[2025-10-11 20:42:29.283] [info] [8] yolo: 8.0ms, tracker: 0.4ms, aimer: 0.0ms
[2025-10-11 20:42:29.327] [info] [9] yolo: 8.7ms, tracker: 0.5ms, aimer: 0.0ms
[2025-10-11 20:42:29.370] [info] [10] yolo: 8.5ms, tracker: 0.4ms, aimer: 0.0ms
[2025-10-11 20:42:29.418] [info] [11] yolo: 11.9ms, tracker: 0.5ms, aimer: 0.0ms
[2025-10-11 20:42:29.461] [info] [12] yolo: 8.1ms, tracker: 0.4ms, aimer: 0.0ms
[2025-10-11 20:42:29.506] [info] [13] yolo: 8.4ms, tracker: 0.4ms, aimer: 0.0ms
[2025-10-11 20:42:29.549] [info] [14] yolo: 8.0ms, tracker: 0.4ms, aimer: 0.0ms
[2025-10-11 20:42:29.593] [info] [15] yolo: 8.5ms, tracker: 0.4ms, aimer: 0.0ms
[2025-10-11 20:42:29.638] [info] [16] yolo: 9.2ms, tracker: 0.4ms, aimer: 0.0ms
[2025-10-11 20:42:29.683] [info] [17] yolo: 9.3ms, tracker: 0.4ms, aimer: 0.0ms
[2025-10-11 20:42:29.726] [info] [18] yolo: 8.5ms, tracker: 0.4ms, aimer: 0.0ms
[2025-10-11 20:42:29.773] [info] [19] yolo: 10.2ms, tracker: 0.6ms, aimer: 0.0ms
[2025-10-11 20:42:29.819] [info] [20] yolo: 10.1ms, tracker: 0.5ms, aimer: 0.0ms
[2025-10-11 20:42:29.865] [info] [21] yolo: 9.4ms, tracker: 0.5ms, aimer: 0.0ms
[2025-10-11 20:42:29.914] [info] [22] yolo: 13.2ms, tracker: 0.5ms, aimer: 0.0ms
[2025-10-11 20:42:29.961] [info] [23] yolo: 11.1ms, tracker: 0.5ms, aimer: 0.0ms
[2025-10-11 20:42:30.011] [info] [24] yolo: 11.6ms, tracker: 0.5ms, aimer: 0.0ms
[2025-10-11 20:42:30.062] [info] [25] yolo: 13.3ms, tracker: 0.6ms, aimer: 0.0ms
[2025-10-11 20:42:30.107] [info] [26] yolo: 9.0ms, tracker: 0.5ms, aimer: 0.0ms
[2025-10-11 20:42:30.154] [info] [27] yolo: 10.1ms, tracker: 0.5ms, aimer: 0.0ms
[2025-10-11 20:42:30.207] [info] [28] yolo: 14.7ms, tracker: 0.7ms, aimer: 0.0ms
[2025-10-11 20:42:30.256] [info] [29] yolo: 10.8ms, tracker: 0.5ms, aimer: 0.0ms
[2025-10-11 20:42:30.303] [debug] [Target] r=0.044, l=0.000
[2025-10-11 20:42:30.303] [debug] [Tracker] Target diverged!
[2025-10-11 20:42:30.303] [info] [30] yolo: 10.5ms, tracker: 0.5ms, aimer: 0.0ms
[2025-10-11 20:42:30.351] [info] [31] yolo: 12.1ms, tracker: 0.5ms, aimer: 0.0ms
[2025-10-11 20:42:30.398] [info] [32] yolo: 10.4ms, tracker: 0.5ms, aimer: 0.0ms
[2025-10-11 20:42:30.444] [info] [33] yolo: 9.9ms, tracker: 0.5ms, aimer: 0.0ms
[2025-10-11 20:42:30.489] [info] [34] yolo: 10.2ms, tracker: 0.5ms, aimer: 0.0ms
[2025-10-11 20:42:30.536] [info] [35] yolo: 11.1ms, tracker: 0.5ms, aimer: 0.0ms
[2025-10-11 20:42:30.584] [info] [36] yolo: 12.3ms, tracker: 0.5ms, aimer: 0.0ms
[2025-10-11 20:42:30.632] [info] [37] yolo: 11.6ms, tracker: 0.5ms, aimer: 0.0ms
[2025-10-11 20:42:30.682] [info] [38] yolo: 13.8ms, tracker: 0.5ms, aimer: 0.0ms
[2025-10-11 20:42:30.729] [info] [39] yolo: 10.9ms, tracker: 0.5ms, aimer: 0.0ms
[2025-10-11 20:42:30.781] [info] [40] yolo: 12.9ms, tracker: 0.5ms, aimer: 0.0ms
[2025-10-11 20:42:30.829] [info] [41] yolo: 10.9ms, tracker: 0.6ms, aimer: 0.0ms
[2025-10-11 20:42:30.876] [info] [42] yolo: 10.7ms, tracker: 0.0ms, aimer: 0.0ms
[2025-10-11 20:42:30.924] [info] [43] yolo: 12.7ms, tracker: 0.5ms, aimer: 0.0ms
[2025-10-11 20:42:30.975] [info] [44] yolo: 13.0ms, tracker: 0.4ms, aimer: 0.0ms
[2025-10-11 20:42:31.019] [info] [45] yolo: 8.6ms, tracker: 0.4ms, aimer: 0.0ms
[2025-10-11 20:42:31.062] [info] [46] yolo: 8.6ms, tracker: 0.4ms, aimer: 0.0ms
[2025-10-11 20:42:31.104] [info] [47] yolo: 7.8ms, tracker: 0.4ms, aimer: 0.0ms
[2025-10-11 20:42:31.147] [info] [48] yolo: 7.7ms, tracker: 0.4ms, aimer: 0.0ms
[2025-10-11 20:42:31.190] [info] [49] yolo: 8.3ms, tracker: 0.4ms, aimer: 0.0ms
[2025-10-11 20:42:31.233] [info] [50] yolo: 8.5ms, tracker: 0.4ms, aimer: 0.0ms
[2025-10-11 20:42:31.276] [info] [51] yolo: 8.4ms, tracker: 0.0ms, aimer: 0.0ms
[2025-10-11 20:42:31.319] [info] [52] yolo: 8.7ms, tracker: 0.4ms, aimer: 0.0ms
[2025-10-11 20:42:31.364] [info] [53] yolo: 9.6ms, tracker: 0.0ms, aimer: 0.0ms
[2025-10-11 20:42:31.409] [info] [54] yolo: 8.7ms, tracker: 0.0ms, aimer: 0.0ms
[2025-10-11 20:42:31.454] [info] [55] yolo: 10.0ms, tracker: 0.0ms, aimer: 0.0ms
[2025-10-11 20:42:31.496] [info] [56] yolo: 8.0ms, tracker: 0.0ms, aimer: 0.0ms
[2025-10-11 20:42:31.539] [info] [57] yolo: 8.3ms, tracker: 0.0ms, aimer: 0.0ms
[2025-10-11 20:42:31.581] [info] [58] yolo: 7.7ms, tracker: 0.0ms, aimer: 0.0ms
[2025-10-11 20:42:31.624] [info] [59] yolo: 8.5ms, tracker: 0.0ms, aimer: 0.0ms
[2025-10-11 20:42:31.667] [info] [60] yolo: 8.2ms, tracker: 0.4ms, aimer: 0.0ms
[2025-10-11 20:42:31.711] [info] [61] yolo: 8.6ms, tracker: 0.0ms, aimer: 0.0ms
[2025-10-11 20:42:31.754] [debug] [Target] r=0.042, l=0.000
[2025-10-11 20:42:31.754] [debug] [Tracker] Target diverged!
[2025-10-11 20:42:31.754] [info] [62] yolo: 8.9ms, tracker: 0.5ms, aimer: 0.0ms
[2025-10-11 20:42:31.798] [info] [63] yolo: 8.6ms, tracker: 0.4ms, aimer: 0.0ms
[2025-10-11 20:42:31.841] [info] [64] yolo: 8.6ms, tracker: 0.4ms, aimer: 0.0ms
[2025-10-11 20:42:31.884] [info] [65] yolo: 8.7ms, tracker: 0.0ms, aimer: 0.0ms
[2025-10-11 20:42:31.904] [info] [66] yolo: 10.6ms, tracker: 0.5ms, aimer: 0.0ms
[2025-10-11 20:42:31.947] [info] [67] yolo: 8.0ms, tracker: 0.0ms, aimer: 0.0ms
[2025-10-11 20:42:31.989] [info] [68] yolo: 8.0ms, tracker: 0.4ms, aimer: 0.0ms
[2025-10-11 20:42:32.033] [info] [69] yolo: 8.1ms, tracker: 0.0ms, aimer: 0.0ms
[2025-10-11 20:42:32.077] [info] [70] yolo: 8.6ms, tracker: 0.0ms, aimer: 0.0ms
[2025-10-11 20:42:32.120] [info] [71] yolo: 8.7ms, tracker: 0.4ms, aimer: 0.0ms
[2025-10-11 20:42:32.164] [info] [72] yolo: 8.6ms, tracker: 0.0ms, aimer: 0.0ms
[2025-10-11 20:42:32.209] [info] [73] yolo: 9.2ms, tracker: 0.4ms, aimer: 0.0ms
[2025-10-11 20:42:32.253] [info] [74] yolo: 8.3ms, tracker: 0.4ms, aimer: 0.0ms
[2025-10-11 20:42:32.297] [info] [75] yolo: 8.2ms, tracker: 0.4ms, aimer: 0.0ms
[2025-10-11 20:42:32.343] [info] [76] yolo: 9.2ms, tracker: 0.4ms, aimer: 0.0ms
[2025-10-11 20:42:32.388] [info] [77] yolo: 8.5ms, tracker: 0.4ms, aimer: 0.0ms
[2025-10-11 20:42:32.432] [info] [78] yolo: 8.8ms, tracker: 0.5ms, aimer: 0.0ms
[2025-10-11 20:42:32.477] [info] [79] yolo: 8.7ms, tracker: 0.5ms, aimer: 0.0ms
[2025-10-11 20:42:32.521] [info] [80] yolo: 8.3ms, tracker: 0.4ms, aimer: 0.0ms
[2025-10-11 20:42:32.564] [info] [81] yolo: 8.2ms, tracker: 0.0ms, aimer: 0.0ms
[2025-10-11 20:42:32.606] [info] [82] yolo: 7.6ms, tracker: 0.0ms, aimer: 0.0ms
[2025-10-11 20:42:32.649] [info] [83] yolo: 7.9ms, tracker: 0.0ms, aimer: 0.0ms
[2025-10-11 20:42:32.692] [info] [84] yolo: 8.5ms, tracker: 0.0ms, aimer: 0.0ms
[2025-10-11 20:42:32.737] [info] [85] yolo: 9.0ms, tracker: 0.0ms, aimer: 0.0ms
[2025-10-11 20:42:32.779] [info] [86] yolo: 8.2ms, tracker: 0.0ms, aimer: 0.0ms
[2025-10-11 20:42:32.823] [info] [87] yolo: 8.0ms, tracker: 0.0ms, aimer: 0.0ms
[2025-10-11 20:42:32.865] [info] [88] yolo: 8.0ms, tracker: 0.0ms, aimer: 0.0ms
[2025-10-11 20:42:32.908] [info] [89] yolo: 7.9ms, tracker: 0.0ms, aimer: 0.0ms
[2025-10-11 20:42:32.949] [info] [90] yolo: 7.6ms, tracker: 0.0ms, aimer: 0.0ms
[2025-10-11 20:42:32.980] [info] [91] yolo: 8.4ms, tracker: 0.0ms, aimer: 0.0ms
[2025-10-11 20:42:33.023] [info] [92] yolo: 8.2ms, tracker: 0.0ms, aimer: 0.0ms
[2025-10-11 20:42:33.072] [info] [93] yolo: 11.8ms, tracker: 0.0ms, aimer: 0.0ms
[2025-10-11 20:42:33.534] [info] [94] yolo: 8.1ms, tracker: 0.4ms, aimer: 0.0ms
[2025-10-11 20:42:33.547] [info] [95] yolo: 7.9ms, tracker: 0.0ms, aimer: 0.0ms
[2025-10-11 20:42:33.591] [debug] [Target] r=0.325, l=-0.275
[2025-10-11 20:42:33.591] [debug] [Tracker] Target diverged!
[2025-10-11 20:42:33.591] [info] [96] yolo: 9.0ms, tracker: 0.4ms, aimer: 0.0ms
[2025-10-11 20:42:33.635] [info] [97] yolo: 8.5ms, tracker: 0.4ms, aimer: 0.0ms
[2025-10-11 20:42:33.678] [info] [98] yolo: 8.2ms, tracker: 0.4ms, aimer: 0.0ms
[2025-10-11 20:42:33.723] [info] [99] yolo: 8.8ms, tracker: 0.0ms, aimer: 0.0ms
[2025-10-11 20:42:33.765] [info] [100] yolo: 8.5ms, tracker: 0.0ms, aimer: 0.0ms
[2025-10-11 20:42:33.810] [info] [101] yolo: 9.0ms, tracker: 0.0ms, aimer: 0.0ms
[2025-10-11 20:42:33.855] [info] [102] yolo: 9.2ms, tracker: 0.4ms, aimer: 0.0ms
[2025-10-11 20:42:33.900] [info] [103] yolo: 9.1ms, tracker: 0.0ms, aimer: 0.0ms
[2025-10-11 20:42:33.943] [info] [104] yolo: 8.3ms, tracker: 0.4ms, aimer: 0.0ms
[2025-10-11 20:42:33.990] [info] [105] yolo: 9.8ms, tracker: 0.0ms, aimer: 0.0ms
[2025-10-11 20:42:34.036] [info] [106] yolo: 9.4ms, tracker: 0.4ms, aimer: 0.0ms
[2025-10-11 20:42:34.080] [info] [107] yolo: 8.4ms, tracker: 0.4ms, aimer: 0.0ms
[2025-10-11 20:42:34.124] [info] [108] yolo: 8.4ms, tracker: 0.0ms, aimer: 0.0ms
[2025-10-11 20:42:34.168] [info] [109] yolo: 8.3ms, tracker: 0.5ms, aimer: 0.0ms
[2025-10-11 20:42:34.194] [info] [110] yolo: 10.1ms, tracker: 0.5ms, aimer: 0.0ms
[2025-10-11 20:42:34.238] [info] [111] yolo: 8.1ms, tracker: 0.4ms, aimer: 0.0ms
[2025-10-11 20:42:34.281] [info] [112] yolo: 8.7ms, tracker: 0.0ms, aimer: 0.0ms
[2025-10-11 20:42:34.302] [info] [113] yolo: 10.1ms, tracker: 0.0ms, aimer: 0.0ms
[2025-10-11 20:42:34.345] [info] [114] yolo: 8.3ms, tracker: 0.4ms, aimer: 0.0ms
[2025-10-11 20:42:34.391] [info] [115] yolo: 10.3ms, tracker: 0.5ms, aimer: 0.0ms
[2025-10-11 20:42:34.433] [info] [116] yolo: 8.1ms, tracker: 0.0ms, aimer: 0.0ms
[2025-10-11 20:42:34.471] [info] [117] yolo: 9.9ms, tracker: 0.4ms, aimer: 0.0ms
[2025-10-11 20:42:34.513] [info] [118] yolo: 8.3ms, tracker: 0.4ms, aimer: 0.0ms
[2025-10-11 20:42:34.556] [info] [119] yolo: 7.8ms, tracker: 0.4ms, aimer: 0.0ms
[2025-10-11 20:42:34.598] [info] [120] yolo: 7.6ms, tracker: 0.0ms, aimer: 0.0ms
[2025-10-11 20:42:34.622] [info] [121] yolo: 10.2ms, tracker: 0.5ms, aimer: 0.0ms
[2025-10-11 20:42:34.665] [info] [122] yolo: 7.7ms, tracker: 0.0ms, aimer: 0.0ms
[2025-10-11 20:42:34.709] [info] [123] yolo: 9.0ms, tracker: 0.4ms, aimer: 0.0ms
[2025-10-11 20:42:34.752] [info] [124] yolo: 8.3ms, tracker: 0.4ms, aimer: 0.0ms
[2025-10-11 20:42:34.795] [info] [125] yolo: 8.0ms, tracker: 0.0ms, aimer: 0.0ms
[2025-10-11 20:42:34.838] [info] [126] yolo: 8.3ms, tracker: 0.4ms, aimer: 0.0ms
[2025-10-11 20:42:34.881] [info] [127] yolo: 7.9ms, tracker: 0.0ms, aimer: 0.0ms
[2025-10-11 20:42:34.926] [info] [128] yolo: 10.5ms, tracker: 0.4ms, aimer: 0.0ms
[2025-10-11 20:42:34.970] [info] [129] yolo: 8.1ms, tracker: 0.4ms, aimer: 0.0ms
[2025-10-11 20:42:35.015] [info] [130] yolo: 8.5ms, tracker: 0.4ms, aimer: 0.0ms
[2025-10-11 20:42:35.059] [info] [131] yolo: 8.5ms, tracker: 0.4ms, aimer: 0.0ms
[2025-10-11 20:42:35.102] [info] [132] yolo: 8.1ms, tracker: 0.0ms, aimer: 0.0ms
[2025-10-11 20:42:35.117] [info] [133] yolo: 8.6ms, tracker: 0.5ms, aimer: 0.0ms
[2025-10-11 20:42:35.160] [info] [134] yolo: 7.9ms, tracker: 0.4ms, aimer: 0.0ms
[2025-10-11 20:42:35.205] [info] [135] yolo: 8.7ms, tracker: 0.4ms, aimer: 0.0ms
[2025-10-11 20:42:35.248] [info] [136] yolo: 8.5ms, tracker: 0.0ms, aimer: 0.0ms
[2025-10-11 20:42:35.291] [info] [137] yolo: 8.3ms, tracker: 0.4ms, aimer: 0.0ms
[2025-10-11 20:42:35.334] [info] [138] yolo: 7.7ms, tracker: 0.4ms, aimer: 0.0ms
[2025-10-11 20:42:35.378] [warning] [Tracker] Large dt: 0.167s
[2025-10-11 20:42:35.378] [info] [139] yolo: 8.5ms, tracker: 0.4ms, aimer: 0.0ms
[2025-10-11 20:42:35.421] [info] [140] yolo: 8.2ms, tracker: 0.0ms, aimer: 0.0ms
[2025-10-11 20:42:35.465] [info] [141] yolo: 8.9ms, tracker: 0.4ms, aimer: 0.0ms
[2025-10-11 20:42:35.508] [info] [142] yolo: 8.2ms, tracker: 0.0ms, aimer: 0.0ms
[2025-10-11 20:42:35.552] [info] [143] yolo: 8.3ms, tracker: 0.4ms, aimer: 0.0ms
[2025-10-11 20:42:35.595] [info] [144] yolo: 8.0ms, tracker: 0.4ms, aimer: 0.0ms
[2025-10-11 20:42:35.638] [info] [145] yolo: 8.0ms, tracker: 0.4ms, aimer: 0.0ms
[2025-10-11 20:42:35.680] [info] [146] yolo: 7.7ms, tracker: 0.4ms, aimer: 0.0ms
[2025-10-11 20:42:35.724] [info] [147] yolo: 8.7ms, tracker: 0.5ms, aimer: 0.0ms
[2025-10-11 20:42:35.766] [debug] [Target] r=0.067, l=-0.132
[2025-10-11 20:42:35.766] [debug] [Tracker] Target diverged!
[2025-10-11 20:42:35.766] [info] [148] yolo: 7.9ms, tracker: 0.4ms, aimer: 0.0ms
[2025-10-11 20:42:35.810] [info] [149] yolo: 8.4ms, tracker: 0.4ms, aimer: 0.0ms
[2025-10-11 20:42:35.853] [debug] [Target] r=0.119, l=-0.081
[2025-10-11 20:42:35.853] [debug] [Tracker] Target diverged!
[2025-10-11 20:42:35.853] [info] [150] yolo: 8.2ms, tracker: 0.5ms, aimer: 0.0ms
[2025-10-11 20:42:35.899] [info] [151] yolo: 10.0ms, tracker: 0.5ms, aimer: 0.0ms
[2025-10-11 20:42:35.942] [info] [152] yolo: 8.4ms, tracker: 0.5ms, aimer: 0.0ms
[2025-10-11 20:42:35.985] [warning] [Tracker] Large dt: 26.099s
[2025-10-11 20:42:35.986] [info] [153] yolo: 8.4ms, tracker: 0.4ms, aimer: 0.0ms
[2025-10-11 20:42:36.028] [info] [154] yolo: 8.1ms, tracker: 0.4ms, aimer: 0.0ms
[2025-10-11 20:42:36.071] [info] [155] yolo: 8.1ms, tracker: 0.0ms, aimer: 0.0ms
[2025-10-11 20:42:36.112] [info] [156] yolo: 7.6ms, tracker: 0.4ms, aimer: 0.0ms
[2025-10-11 20:42:36.157] [info] [157] yolo: 8.6ms, tracker: 0.4ms, aimer: 0.0ms
[2025-10-11 20:42:36.203] [info] [158] yolo: 10.8ms, tracker: 0.5ms, aimer: 0.0ms
[2025-10-11 20:42:36.248] [info] [159] yolo: 10.0ms, tracker: 0.0ms, aimer: 0.0ms
[2025-10-11 20:42:36.291] [info] [160] yolo: 8.5ms, tracker: 0.0ms, aimer: 0.0ms
[2025-10-11 20:42:36.334] [info] [161] yolo: 8.3ms, tracker: 0.4ms, aimer: 0.0ms
[2025-10-11 20:42:36.378] [info] [162] yolo: 8.5ms, tracker: 0.4ms, aimer: 0.0ms
[2025-10-11 20:42:36.422] [info] [163] yolo: 9.2ms, tracker: 0.5ms, aimer: 0.0ms
[2025-10-11 20:42:36.468] [info] [164] yolo: 10.4ms, tracker: 0.5ms, aimer: 0.0ms
[2025-10-11 20:42:36.515] [info] [165] yolo: 11.9ms, tracker: 0.5ms, aimer: 0.0ms
[2025-10-11 20:42:36.562] [info] [166] yolo: 9.9ms, tracker: 0.5ms, aimer: 0.0ms
[2025-10-11 20:42:36.610] [info] [167] yolo: 12.7ms, tracker: 0.5ms, aimer: 0.0ms
[2025-10-11 20:42:36.657] [info] [168] yolo: 11.5ms, tracker: 0.5ms, aimer: 0.0ms
[2025-10-11 20:42:36.713] [info] [169] yolo: 16.9ms, tracker: 0.5ms, aimer: 0.0ms
[2025-10-11 20:42:36.759] [info] [170] yolo: 10.7ms, tracker: 0.5ms, aimer: 0.0ms
[2025-10-11 20:42:36.805] [info] [171] yolo: 11.5ms, tracker: 0.0ms, aimer: 0.0ms
[2025-10-11 20:42:36.852] [info] [172] yolo: 11.1ms, tracker: 0.5ms, aimer: 0.0ms
[2025-10-11 20:42:36.902] [info] [173] yolo: 12.1ms, tracker: 0.5ms, aimer: 0.0ms
[2025-10-11 20:42:36.948] [info] [174] yolo: 11.3ms, tracker: 0.0ms, aimer: 0.0ms
[2025-10-11 20:42:36.998] [info] [175] yolo: 13.0ms, tracker: 0.5ms, aimer: 0.0ms
[2025-10-11 20:42:37.042] [info] [176] yolo: 9.5ms, tracker: 0.4ms, aimer: 0.0ms
[2025-10-11 20:42:37.087] [info] [177] yolo: 8.7ms, tracker: 0.4ms, aimer: 0.0ms
[2025-10-11 20:42:37.130] [info] [178] yolo: 8.1ms, tracker: 0.4ms, aimer: 0.0ms
[2025-10-11 20:42:37.175] [info] [179] yolo: 8.2ms, tracker: 0.4ms, aimer: 0.0ms
[2025-10-11 20:42:37.218] [info] [180] yolo: 7.5ms, tracker: 0.4ms, aimer: 0.0ms
[2025-10-11 20:42:37.261] [info] [181] yolo: 7.9ms, tracker: 0.0ms, aimer: 0.0ms
[2025-10-11 20:42:37.304] [info] [182] yolo: 7.4ms, tracker: 0.4ms, aimer: 0.0ms
[2025-10-11 20:42:37.349] [info] [183] yolo: 8.6ms, tracker: 0.4ms, aimer: 0.0ms
[2025-10-11 20:42:37.393] [info] [184] yolo: 9.3ms, tracker: 0.5ms, aimer: 0.0ms
[2025-10-11 20:42:37.438] [info] [185] yolo: 8.5ms, tracker: 0.4ms, aimer: 0.0ms
[2025-10-11 20:42:37.482] [info] [186] yolo: 9.4ms, tracker: 0.5ms, aimer: 0.0ms
[2025-10-11 20:42:37.529] [info] [187] yolo: 9.2ms, tracker: 0.5ms, aimer: 0.0ms
[2025-10-11 20:42:37.578] [info] [188] yolo: 11.0ms, tracker: 0.5ms, aimer: 0.0ms
[2025-10-11 20:42:37.624] [info] [189] yolo: 9.9ms, tracker: 0.5ms, aimer: 0.0ms
[2025-10-11 20:42:37.669] [info] [190] yolo: 10.2ms, tracker: 0.5ms, aimer: 0.0ms
[2025-10-11 20:42:37.715] [info] [191] yolo: 9.8ms, tracker: 0.5ms, aimer: 0.0ms
[2025-10-11 20:42:37.762] [info] [192] yolo: 11.4ms, tracker: 0.6ms, aimer: 0.0ms
[2025-10-11 20:42:37.809] [info] [193] yolo: 10.5ms, tracker: 0.7ms, aimer: 0.0ms
[2025-10-11 20:42:37.853] [info] [194] yolo: 9.7ms, tracker: 0.5ms, aimer: 0.0ms
[2025-10-11 20:42:37.900] [info] [195] yolo: 10.5ms, tracker: 0.5ms, aimer: 0.0ms
[2025-10-11 20:42:37.946] [info] [196] yolo: 11.0ms, tracker: 0.5ms, aimer: 0.0ms
[2025-10-11 20:42:37.993] [info] [197] yolo: 10.3ms, tracker: 0.5ms, aimer: 0.0ms
[2025-10-11 20:42:38.038] [info] [198] yolo: 10.1ms, tracker: 0.5ms, aimer: 0.0ms
[2025-10-11 20:42:38.085] [info] [199] yolo: 11.0ms, tracker: 0.5ms, aimer: 0.0ms
[2025-10-11 20:42:38.132] [info] [200] yolo: 10.1ms, tracker: 0.5ms, aimer: 0.0ms
[2025-10-11 20:42:38.181] [info] [201] yolo: 11.3ms, tracker: 0.5ms, aimer: 0.0ms
[2025-10-11 20:42:38.231] [info] [202] yolo: 13.0ms, tracker: 0.7ms, aimer: 0.0ms
[2025-10-11 20:42:38.280] [info] [203] yolo: 11.7ms, tracker: 0.5ms, aimer: 0.0ms
[2025-10-11 20:42:38.322] [info] [204] yolo: 7.5ms, tracker: 0.4ms, aimer: 0.0ms
[2025-10-11 20:42:38.367] [info] [205] yolo: 8.9ms, tracker: 0.4ms, aimer: 0.0ms
[2025-10-11 20:42:38.411] [info] [206] yolo: 8.4ms, tracker: 0.4ms, aimer: 0.0ms
[2025-10-11 20:42:38.455] [info] [207] yolo: 8.8ms, tracker: 0.4ms, aimer: 0.0ms
[2025-10-11 20:42:38.499] [info] [208] yolo: 9.3ms, tracker: 0.0ms, aimer: 0.0ms
[2025-10-11 20:42:38.544] [info] [209] yolo: 8.9ms, tracker: 0.4ms, aimer: 0.0ms
[2025-10-11 20:42:38.587] [info] [210] yolo: 8.0ms, tracker: 0.4ms, aimer: 0.0ms
[2025-10-11 20:42:38.634] [info] [211] yolo: 10.0ms, tracker: 0.5ms, aimer: 0.0ms
[2025-10-11 20:42:38.680] [info] [212] yolo: 11.0ms, tracker: 0.5ms, aimer: 0.0ms
[2025-10-11 20:42:38.727] [info] [213] yolo: 10.5ms, tracker: 0.5ms, aimer: 0.0ms
[2025-10-11 20:42:38.771] [info] [214] yolo: 9.6ms, tracker: 0.0ms, aimer: 0.0ms
[2025-10-11 20:42:38.817] [info] [215] yolo: 10.0ms, tracker: 0.0ms, aimer: 0.0ms
[2025-10-11 20:42:38.861] [info] [216] yolo: 8.8ms, tracker: 0.4ms, aimer: 0.0ms
[2025-10-11 20:42:38.908] [info] [217] yolo: 10.4ms, tracker: 0.0ms, aimer: 0.0ms
[2025-10-11 20:42:38.951] [info] [218] yolo: 9.0ms, tracker: 0.0ms, aimer: 0.0ms
[2025-10-11 20:42:38.995] [info] [219] yolo: 8.1ms, tracker: 0.0ms, aimer: 0.0ms
[2025-10-11 20:42:39.042] [info] [220] yolo: 11.4ms, tracker: 0.0ms, aimer: 0.0ms
[2025-10-11 20:42:39.088] [info] [221] yolo: 10.9ms, tracker: 0.0ms, aimer: 0.0ms
[2025-10-11 20:42:39.132] [info] [222] yolo: 8.7ms, tracker: 0.0ms, aimer: 0.0ms
[2025-10-11 20:42:39.178] [info] [223] yolo: 10.5ms, tracker: 0.0ms, aimer: 0.0ms
[2025-10-11 20:42:39.223] [info] [224] yolo: 8.7ms, tracker: 0.4ms, aimer: 0.0ms
[2025-10-11 20:42:39.267] [info] [225] yolo: 8.4ms, tracker: 0.4ms, aimer: 0.0ms
[2025-10-11 20:42:39.309] [info] [226] yolo: 7.6ms, tracker: 0.4ms, aimer: 0.0ms
[2025-10-11 20:42:39.354] [info] [227] yolo: 8.5ms, tracker: 0.4ms, aimer: 0.0ms
[2025-10-11 20:42:39.397] [info] [228] yolo: 8.8ms, tracker: 0.4ms, aimer: 0.0ms
[2025-10-11 20:42:39.442] [info] [229] yolo: 9.3ms, tracker: 0.4ms, aimer: 0.0ms
[2025-10-11 20:42:39.487] [info] [230] yolo: 9.5ms, tracker: 0.5ms, aimer: 0.0ms
[2025-10-11 20:42:39.533] [info] [231] yolo: 10.1ms, tracker: 0.0ms, aimer: 0.0ms
[2025-10-11 20:42:39.579] [info] [232] yolo: 10.2ms, tracker: 0.0ms, aimer: 0.0ms
[2025-10-11 20:42:39.626] [info] [233] yolo: 11.5ms, tracker: 0.5ms, aimer: 0.0ms
[2025-10-11 20:42:39.674] [info] [234] yolo: 9.7ms, tracker: 0.4ms, aimer: 0.0ms
[2025-10-11 20:42:39.719] [info] [235] yolo: 9.3ms, tracker: 0.0ms, aimer: 0.0ms
[2025-10-11 20:42:39.762] [info] [236] yolo: 8.2ms, tracker: 0.4ms, aimer: 0.0ms
[2025-10-11 20:42:39.807] [info] [237] yolo: 9.7ms, tracker: 0.4ms, aimer: 0.0ms
[2025-10-11 20:42:39.850] [info] [238] yolo: 8.4ms, tracker: 0.4ms, aimer: 0.0ms
[2025-10-11 20:42:39.895] [info] [239] yolo: 9.9ms, tracker: 0.6ms, aimer: 0.0ms
[2025-10-11 20:42:39.941] [info] [240] yolo: 11.0ms, tracker: 0.5ms, aimer: 0.0ms
[2025-10-11 20:42:39.987] [info] [241] yolo: 9.8ms, tracker: 0.4ms, aimer: 0.0ms
[2025-10-11 20:42:40.031] [info] [242] yolo: 8.9ms, tracker: 0.0ms, aimer: 0.0ms
[2025-10-11 20:42:40.074] [info] [243] yolo: 8.2ms, tracker: 0.0ms, aimer: 0.0ms
[2025-10-11 20:42:40.118] [info] [244] yolo: 8.1ms, tracker: 0.4ms, aimer: 0.0ms
[2025-10-11 20:42:40.162] [info] [245] yolo: 8.4ms, tracker: 0.4ms, aimer: 0.0ms
[2025-10-11 20:42:40.210] [info] [246] yolo: 11.4ms, tracker: 0.5ms, aimer: 0.0ms
[2025-10-11 20:42:40.255] [info] [247] yolo: 9.0ms, tracker: 0.0ms, aimer: 0.0ms
[2025-10-11 20:42:40.298] [info] [248] yolo: 8.0ms, tracker: 0.4ms, aimer: 0.0ms
[2025-10-11 20:42:40.341] [info] [249] yolo: 8.2ms, tracker: 0.4ms, aimer: 0.0ms
[2025-10-11 20:42:40.385] [info] [250] yolo: 8.5ms, tracker: 0.4ms, aimer: 0.0ms
[2025-10-11 20:42:40.430] [info] [251] yolo: 10.1ms, tracker: 0.0ms, aimer: 0.0ms
[2025-10-11 20:42:40.473] [info] [252] yolo: 8.7ms, tracker: 0.4ms, aimer: 0.0ms
[2025-10-11 20:42:40.518] [info] [253] yolo: 9.4ms, tracker: 0.0ms, aimer: 0.0ms
[2025-10-11 20:42:40.562] [info] [254] yolo: 9.6ms, tracker: 0.4ms, aimer: 0.0ms
[2025-10-11 20:42:40.606] [info] [255] yolo: 8.1ms, tracker: 0.4ms, aimer: 0.0ms
[2025-10-11 20:42:40.649] [info] [256] yolo: 8.4ms, tracker: 0.4ms, aimer: 0.0ms
[2025-10-11 20:42:40.694] [info] [257] yolo: 9.0ms, tracker: 0.4ms, aimer: 0.0ms
[2025-10-11 20:42:40.738] [info] [258] yolo: 8.5ms, tracker: 0.0ms, aimer: 0.0ms
[2025-10-11 20:42:40.783] [info] [259] yolo: 8.3ms, tracker: 0.0ms, aimer: 0.0ms
[2025-10-11 20:42:40.827] [info] [260] yolo: 9.0ms, tracker: 0.4ms, aimer: 0.0ms
[2025-10-11 20:42:40.872] [info] [261] yolo: 8.7ms, tracker: 0.4ms, aimer: 0.0ms
[2025-10-11 20:42:40.916] [info] [262] yolo: 9.2ms, tracker: 0.4ms, aimer: 0.0ms
[2025-10-11 20:42:40.960] [info] [263] yolo: 9.4ms, tracker: 0.4ms, aimer: 0.0ms
[2025-10-11 20:42:41.004] [info] [264] yolo: 8.0ms, tracker: 0.4ms, aimer: 0.0ms
[2025-10-11 20:42:41.048] [info] [265] yolo: 8.7ms, tracker: 0.0ms, aimer: 0.0ms
[2025-10-11 20:42:41.092] [info] [266] yolo: 8.4ms, tracker: 0.4ms, aimer: 0.0ms
[2025-10-11 20:42:41.139] [info] [267] yolo: 11.1ms, tracker: 0.4ms, aimer: 0.0ms
[2025-10-11 20:42:41.185] [info] [268] yolo: 10.9ms, tracker: 0.5ms, aimer: 0.0ms
[2025-10-11 20:42:41.231] [info] [269] yolo: 8.9ms, tracker: 0.4ms, aimer: 0.0ms
[2025-10-11 20:42:41.273] [info] [270] yolo: 8.1ms, tracker: 0.5ms, aimer: 0.0ms
[2025-10-11 20:42:41.316] [info] [271] yolo: 7.4ms, tracker: 0.4ms, aimer: 0.0ms
[2025-10-11 20:42:41.359] [info] [272] yolo: 7.3ms, tracker: 0.4ms, aimer: 0.0ms
[2025-10-11 20:42:41.408] [info] [273] yolo: 11.5ms, tracker: 0.7ms, aimer: 0.0ms
[2025-10-11 20:42:41.452] [info] [274] yolo: 8.6ms, tracker: 0.5ms, aimer: 0.0ms
[2025-10-11 20:42:41.501] [info] [275] yolo: 12.2ms, tracker: 0.6ms, aimer: 0.0ms
[2025-10-11 20:42:41.546] [info] [276] yolo: 10.4ms, tracker: 0.6ms, aimer: 0.0ms
[2025-10-11 20:42:41.592] [info] [277] yolo: 9.3ms, tracker: 0.0ms, aimer: 0.0ms
[2025-10-11 20:42:41.637] [info] [278] yolo: 9.2ms, tracker: 0.0ms, aimer: 0.0ms
[2025-10-11 20:42:41.685] [info] [279] yolo: 10.5ms, tracker: 0.0ms, aimer: 0.0ms
[2025-10-11 20:42:41.732] [info] [280] yolo: 10.8ms, tracker: 0.0ms, aimer: 0.0ms
[2025-10-11 20:42:41.779] [info] [281] yolo: 11.7ms, tracker: 0.0ms, aimer: 0.0ms
[2025-10-11 20:42:41.824] [info] [282] yolo: 9.1ms, tracker: 0.0ms, aimer: 0.0ms
[2025-10-11 20:42:41.868] [info] [283] yolo: 8.0ms, tracker: 0.5ms, aimer: 0.0ms
[2025-10-11 20:42:41.912] [info] [284] yolo: 8.2ms, tracker: 0.5ms, aimer: 0.0ms
[2025-10-11 20:42:41.958] [info] [285] yolo: 9.7ms, tracker: 0.4ms, aimer: 0.0ms
[2025-10-11 20:42:42.000] [info] [286] yolo: 7.9ms, tracker: 0.5ms, aimer: 0.0ms
[2025-10-11 20:42:42.044] [info] [287] yolo: 8.1ms, tracker: 0.5ms, aimer: 0.0ms
[2025-10-11 20:42:42.087] [info] [288] yolo: 8.5ms, tracker: 0.0ms, aimer: 0.0ms
[2025-10-11 20:42:42.132] [info] [289] yolo: 10.1ms, tracker: 0.0ms, aimer: 0.0ms
[2025-10-11 20:42:42.177] [info] [290] yolo: 9.6ms, tracker: 0.0ms, aimer: 0.0ms
[2025-10-11 20:42:42.224] [info] [291] yolo: 11.7ms, tracker: 0.0ms, aimer: 0.0ms
[2025-10-11 20:42:42.268] [info] [292] yolo: 9.5ms, tracker: 0.0ms, aimer: 0.0ms
[2025-10-11 20:42:42.314] [info] [293] yolo: 9.1ms, tracker: 0.4ms, aimer: 0.0ms
[2025-10-11 20:42:42.357] [info] [294] yolo: 8.2ms, tracker: 0.0ms, aimer: 0.0ms
[2025-10-11 20:42:42.403] [info] [295] yolo: 9.3ms, tracker: 0.4ms, aimer: 0.0ms
[2025-10-11 20:42:42.447] [info] [296] yolo: 8.8ms, tracker: 0.4ms, aimer: 0.0ms
[2025-10-11 20:42:42.490] [info] [297] yolo: 8.2ms, tracker: 0.0ms, aimer: 0.0ms
[2025-10-11 20:42:42.533] [info] [298] yolo: 8.8ms, tracker: 0.4ms, aimer: 0.0ms
[2025-10-11 20:42:42.579] [info] [299] yolo: 9.5ms, tracker: 0.0ms, aimer: 0.0ms
[2025-10-11 20:42:42.623] [info] [300] yolo: 8.3ms, tracker: 0.0ms, aimer: 0.0ms
[2025-10-11 20:42:42.669] [info] [301] yolo: 10.5ms, tracker: 0.4ms, aimer: 0.0ms
[2025-10-11 20:42:42.715] [info] [302] yolo: 11.1ms, tracker: 0.0ms, aimer: 0.0ms
[2025-10-11 20:42:42.767] [info] [303] yolo: 12.8ms, tracker: 0.0ms, aimer: 0.0ms
[2025-10-11 20:42:42.815] [info] [304] yolo: 12.6ms, tracker: 0.0ms, aimer: 0.0ms
[2025-10-11 20:42:42.861] [info] [305] yolo: 8.9ms, tracker: 0.0ms, aimer: 0.0ms
[2025-10-11 20:42:42.904] [info] [306] yolo: 8.8ms, tracker: 0.0ms, aimer: 0.0ms
[2025-10-11 20:42:42.949] [info] [307] yolo: 8.7ms, tracker: 0.0ms, aimer: 0.0ms
[2025-10-11 20:42:42.991] [info] [308] yolo: 7.6ms, tracker: 0.0ms, aimer: 0.0ms
[2025-10-11 20:42:43.035] [info] [309] yolo: 9.0ms, tracker: 0.0ms, aimer: 0.0ms
[2025-10-11 20:42:43.079] [info] [310] yolo: 8.7ms, tracker: 0.0ms, aimer: 0.0ms
[2025-10-11 20:42:43.128] [info] [311] yolo: 12.0ms, tracker: 0.0ms, aimer: 0.0ms
[2025-10-11 20:42:43.172] [info] [312] yolo: 9.3ms, tracker: 0.0ms, aimer: 0.0ms
[2025-10-11 20:42:43.221] [info] [313] yolo: 13.4ms, tracker: 0.0ms, aimer: 0.0ms
[2025-10-11 20:42:43.269] [info] [314] yolo: 11.9ms, tracker: 0.0ms, aimer: 0.0ms
[2025-10-11 20:42:43.313] [info] [315] yolo: 8.7ms, tracker: 0.0ms, aimer: 0.0ms
[2025-10-11 20:42:43.357] [info] [316] yolo: 9.1ms, tracker: 0.0ms, aimer: 0.0ms
[2025-10-11 20:42:43.401] [info] [317] yolo: 9.2ms, tracker: 0.0ms, aimer: 0.0ms
[2025-10-11 20:42:43.445] [info] [318] yolo: 9.2ms, tracker: 0.4ms, aimer: 0.0ms
[2025-10-11 20:42:43.489] [info] [319] yolo: 8.9ms, tracker: 0.0ms, aimer: 0.0ms
[2025-10-11 20:42:43.533] [info] [320] yolo: 8.8ms, tracker: 0.0ms, aimer: 0.0ms
[2025-10-11 20:42:43.577] [info] [321] yolo: 8.5ms, tracker: 0.0ms, aimer: 0.0ms
[2025-10-11 20:42:43.619] [info] [322] yolo: 8.3ms, tracker: 0.0ms, aimer: 0.0ms
[2025-10-11 20:42:43.663] [info] [323] yolo: 8.3ms, tracker: 0.0ms, aimer: 0.0ms
[2025-10-11 20:42:43.706] [info] [324] yolo: 8.2ms, tracker: 0.0ms, aimer: 0.0ms
[2025-10-11 20:42:43.750] [info] [325] yolo: 8.3ms, tracker: 0.0ms, aimer: 0.0ms
[2025-10-11 20:42:43.793] [info] [326] yolo: 7.8ms, tracker: 0.0ms, aimer: 0.0ms
[2025-10-11 20:42:43.836] [info] [327] yolo: 8.2ms, tracker: 0.0ms, aimer: 0.0ms
[2025-10-11 20:42:43.880] [info] [328] yolo: 8.0ms, tracker: 0.0ms, aimer: 0.0ms
[2025-10-11 20:42:43.923] [info] [329] yolo: 7.7ms, tracker: 0.0ms, aimer: 0.0ms
[2025-10-11 20:42:43.968] [info] [330] yolo: 10.6ms, tracker: 0.0ms, aimer: 0.0ms
[2025-10-11 20:42:44.011] [info] [331] yolo: 7.7ms, tracker: 0.0ms, aimer: 0.0ms
[2025-10-11 20:42:44.053] [info] [332] yolo: 7.8ms, tracker: 0.0ms, aimer: 0.0ms
[2025-10-11 20:42:44.097] [info] [333] yolo: 8.9ms, tracker: 0.0ms, aimer: 0.0ms
[2025-10-11 20:42:44.139] [info] [334] yolo: 7.8ms, tracker: 0.0ms, aimer: 0.0ms
[2025-10-11 20:42:44.183] [info] [335] yolo: 8.0ms, tracker: 0.0ms, aimer: 0.0ms
[2025-10-11 20:42:44.225] [info] [336] yolo: 7.9ms, tracker: 0.0ms, aimer: 0.0ms
[2025-10-11 20:42:44.269] [info] [337] yolo: 8.2ms, tracker: 0.0ms, aimer: 0.0ms
[2025-10-11 20:42:44.312] [info] [338] yolo: 7.7ms, tracker: 0.0ms, aimer: 0.0ms
[2025-10-11 20:42:44.355] [info] [339] yolo: 7.7ms, tracker: 0.0ms, aimer: 0.0ms
[2025-10-11 20:42:44.397] [info] [340] yolo: 8.3ms, tracker: 0.0ms, aimer: 0.0ms
[2025-10-11 20:42:44.441] [info] [341] yolo: 8.5ms, tracker: 0.0ms, aimer: 0.0ms
[2025-10-11 20:42:44.484] [info] [342] yolo: 8.3ms, tracker: 0.0ms, aimer: 0.0ms
[2025-10-11 20:42:44.528] [info] [343] yolo: 7.9ms, tracker: 0.4ms, aimer: 0.0ms
[2025-10-11 20:42:44.570] [info] [344] yolo: 8.2ms, tracker: 0.4ms, aimer: 0.0ms
[2025-10-11 20:42:44.614] [info] [345] yolo: 8.2ms, tracker: 0.4ms, aimer: 0.0ms
[2025-10-11 20:42:44.658] [info] [346] yolo: 8.5ms, tracker: 0.4ms, aimer: 0.0ms
[2025-10-11 20:42:44.701] [info] [347] yolo: 7.9ms, tracker: 0.4ms, aimer: 0.0ms
[2025-10-11 20:42:44.744] [info] [348] yolo: 7.7ms, tracker: 0.4ms, aimer: 0.0ms
[2025-10-11 20:42:44.787] [info] [349] yolo: 7.9ms, tracker: 0.7ms, aimer: 0.0ms
[2025-10-11 20:42:44.829] [info] [350] yolo: 8.0ms, tracker: 0.4ms, aimer: 0.0ms
[2025-10-11 20:42:44.874] [info] [351] yolo: 8.9ms, tracker: 0.4ms, aimer: 0.0ms
[2025-10-11 20:42:44.918] [info] [352] yolo: 8.9ms, tracker: 0.8ms, aimer: 0.0ms
[2025-10-11 20:42:44.965] [info] [353] yolo: 11.4ms, tracker: 0.0ms, aimer: 0.0ms
[2025-10-11 20:42:45.012] [debug] [Target] r=0.231, l=-0.273
[2025-10-11 20:42:45.012] [debug] [Tracker] Target diverged!
[2025-10-11 20:42:45.012] [info] [354] yolo: 10.7ms, tracker: 0.7ms, aimer: 0.0ms
[2025-10-11 20:42:45.062] [info] [355] yolo: 13.9ms, tracker: 0.0ms, aimer: 0.0ms
[2025-10-11 20:42:45.106] [info] [356] yolo: 9.0ms, tracker: 0.0ms, aimer: 0.0ms
[2025-10-11 20:42:45.151] [info] [357] yolo: 8.7ms, tracker: 0.4ms, aimer: 0.0ms
[2025-10-11 20:42:45.194] [info] [358] yolo: 8.3ms, tracker: 0.8ms, aimer: 0.0ms
[2025-10-11 20:42:45.239] [info] [359] yolo: 8.8ms, tracker: 0.0ms, aimer: 0.0ms
[2025-10-11 20:42:45.283] [info] [360] yolo: 9.0ms, tracker: 0.4ms, aimer: 0.0ms
[2025-10-11 20:42:45.327] [info] [361] yolo: 8.7ms, tracker: 0.4ms, aimer: 0.0ms
[2025-10-11 20:42:45.370] [info] [362] yolo: 8.7ms, tracker: 0.4ms, aimer: 0.0ms
[2025-10-11 20:42:45.414] [info] [363] yolo: 8.2ms, tracker: 0.4ms, aimer: 0.0ms
[2025-10-11 20:42:45.457] [info] [364] yolo: 7.9ms, tracker: 0.4ms, aimer: 0.0ms
[2025-10-11 20:42:45.501] [info] [365] yolo: 8.6ms, tracker: 0.4ms, aimer: 0.0ms
[2025-10-11 20:42:45.544] [info] [366] yolo: 7.9ms, tracker: 0.4ms, aimer: 0.0ms
[2025-10-11 20:42:45.587] [info] [367] yolo: 8.1ms, tracker: 0.4ms, aimer: 0.0ms
[2025-10-11 20:42:45.630] [info] [368] yolo: 7.8ms, tracker: 0.4ms, aimer: 0.0ms
[2025-10-11 20:42:45.674] [info] [369] yolo: 8.6ms, tracker: 0.4ms, aimer: 0.0ms
[2025-10-11 20:42:45.719] [info] [370] yolo: 9.4ms, tracker: 0.4ms, aimer: 0.0ms
[2025-10-11 20:42:45.763] [info] [371] yolo: 9.3ms, tracker: 0.4ms, aimer: 0.0ms
[2025-10-11 20:42:45.806] [info] [372] yolo: 7.7ms, tracker: 0.4ms, aimer: 0.0ms
[2025-10-11 20:42:45.849] [info] [373] yolo: 8.0ms, tracker: 0.4ms, aimer: 0.0ms
[2025-10-11 20:42:45.891] [info] [374] yolo: 7.8ms, tracker: 0.4ms, aimer: 0.0ms
[2025-10-11 20:42:45.934] [info] [375] yolo: 7.6ms, tracker: 0.0ms, aimer: 0.0ms
[2025-10-11 20:42:45.977] [info] [376] yolo: 8.2ms, tracker: 0.4ms, aimer: 0.0ms
[2025-10-11 20:42:46.021] [info] [377] yolo: 8.4ms, tracker: 0.7ms, aimer: 0.0ms
[2025-10-11 20:42:46.064] [info] [378] yolo: 8.2ms, tracker: 0.5ms, aimer: 0.0ms
[2025-10-11 20:42:46.108] [info] [379] yolo: 8.6ms, tracker: 0.4ms, aimer: 0.0ms
[2025-10-11 20:42:46.152] [info] [380] yolo: 8.6ms, tracker: 0.8ms, aimer: 0.0ms
[2025-10-11 20:42:46.196] [info] [381] yolo: 8.2ms, tracker: 0.8ms, aimer: 0.0ms
[2025-10-11 20:42:46.242] [info] [382] yolo: 11.1ms, tracker: 0.5ms, aimer: 0.0ms
[2025-10-11 20:42:46.289] [info] [383] yolo: 9.6ms, tracker: 0.7ms, aimer: 0.0ms
[2025-10-11 20:42:46.331] [warning] [Tracker] Large dt: 0.153s
[2025-10-11 20:42:46.331] [info] [384] yolo: 8.0ms, tracker: 0.4ms, aimer: 0.0ms
[2025-10-11 20:42:46.375] [info] [385] yolo: 8.6ms, tracker: 0.4ms, aimer: 0.0ms
[2025-10-11 20:42:46.418] [info] [386] yolo: 7.9ms, tracker: 0.5ms, aimer: 0.0ms
[2025-10-11 20:42:46.461] [info] [387] yolo: 8.2ms, tracker: 0.4ms, aimer: 0.0ms
[2025-10-11 20:42:46.505] [info] [388] yolo: 8.1ms, tracker: 0.4ms, aimer: 0.0ms
[2025-10-11 20:42:46.548] [info] [389] yolo: 8.5ms, tracker: 0.0ms, aimer: 0.0ms
[2025-10-11 20:42:46.591] [info] [390] yolo: 8.3ms, tracker: 0.0ms, aimer: 0.0ms
[2025-10-11 20:42:46.634] [info] [391] yolo: 8.3ms, tracker: 0.4ms, aimer: 0.0ms
[2025-10-11 20:42:46.677] [info] [392] yolo: 7.6ms, tracker: 0.4ms, aimer: 0.0ms
[2025-10-11 20:42:46.720] [info] [393] yolo: 8.1ms, tracker: 0.0ms, aimer: 0.0ms
[2025-10-11 20:42:46.762] [info] [394] yolo: 7.7ms, tracker: 0.4ms, aimer: 0.0ms
[2025-10-11 20:42:46.806] [info] [395] yolo: 8.1ms, tracker: 0.4ms, aimer: 0.0ms
[2025-10-11 20:42:46.850] [info] [396] yolo: 8.8ms, tracker: 0.4ms, aimer: 0.0ms
[2025-10-11 20:42:46.893] [info] [397] yolo: 8.4ms, tracker: 0.4ms, aimer: 0.0ms
[2025-10-11 20:42:46.937] [info] [398] yolo: 8.2ms, tracker: 0.8ms, aimer: 0.0ms
[2025-10-11 20:42:46.982] [info] [399] yolo: 9.3ms, tracker: 0.8ms, aimer: 0.0ms
[2025-10-11 20:42:47.025] [info] [400] yolo: 8.5ms, tracker: 0.7ms, aimer: 0.0ms
[2025-10-11 20:42:47.072] [info] [401] yolo: 11.3ms, tracker: 0.8ms, aimer: 0.0ms
[2025-10-11 20:42:47.115] [info] [402] yolo: 8.0ms, tracker: 0.7ms, aimer: 0.0ms
[2025-10-11 20:42:47.160] [info] [403] yolo: 9.3ms, tracker: 0.4ms, aimer: 0.0ms
[2025-10-11 20:42:47.203] [info] [404] yolo: 7.7ms, tracker: 0.4ms, aimer: 0.0ms
[2025-10-11 20:42:47.247] [info] [405] yolo: 8.7ms, tracker: 0.4ms, aimer: 0.0ms
[2025-10-11 20:42:47.290] [info] [406] yolo: 7.9ms, tracker: 0.4ms, aimer: 0.0ms
[2025-10-11 20:42:47.334] [info] [407] yolo: 8.0ms, tracker: 0.4ms, aimer: 0.0ms
[2025-10-11 20:42:47.377] [info] [408] yolo: 8.1ms, tracker: 0.4ms, aimer: 0.0ms
[2025-10-11 20:42:47.421] [info] [409] yolo: 8.4ms, tracker: 0.4ms, aimer: 0.0ms
[2025-10-11 20:42:47.463] [info] [410] yolo: 8.3ms, tracker: 0.0ms, aimer: 0.0ms
[2025-10-11 20:42:47.506] [info] [411] yolo: 8.0ms, tracker: 0.0ms, aimer: 0.0ms
[2025-10-11 20:42:47.549] [info] [412] yolo: 7.8ms, tracker: 0.4ms, aimer: 0.0ms
[2025-10-11 20:42:47.596] [info] [413] yolo: 11.4ms, tracker: 0.0ms, aimer: 0.0ms
[2025-10-11 20:42:47.640] [info] [414] yolo: 8.0ms, tracker: 0.4ms, aimer: 0.0ms
[2025-10-11 20:42:47.684] [info] [415] yolo: 8.3ms, tracker: 0.5ms, aimer: 0.0ms
[2025-10-11 20:42:47.727] [info] [416] yolo: 7.8ms, tracker: 0.4ms, aimer: 0.0ms
[2025-10-11 20:42:47.772] [info] [417] yolo: 9.0ms, tracker: 0.5ms, aimer: 0.0ms
[2025-10-11 20:42:47.816] [info] [418] yolo: 8.3ms, tracker: 0.0ms, aimer: 0.0ms
[2025-10-11 20:42:47.860] [info] [419] yolo: 8.3ms, tracker: 0.4ms, aimer: 0.0ms
[2025-10-11 20:42:47.904] [info] [420] yolo: 8.7ms, tracker: 0.7ms, aimer: 0.0ms
[2025-10-11 20:42:47.948] [info] [421] yolo: 8.3ms, tracker: 0.8ms, aimer: 0.0ms
[2025-10-11 20:42:47.990] [info] [422] yolo: 7.5ms, tracker: 0.4ms, aimer: 0.0ms
[2025-10-11 20:42:48.034] [info] [423] yolo: 7.9ms, tracker: 0.8ms, aimer: 0.0ms
[2025-10-11 20:42:48.078] [info] [424] yolo: 8.2ms, tracker: 0.4ms, aimer: 0.0ms
[2025-10-11 20:42:48.122] [info] [425] yolo: 8.4ms, tracker: 0.4ms, aimer: 0.0ms
[2025-10-11 20:42:48.167] [info] [426] yolo: 9.4ms, tracker: 0.4ms, aimer: 0.0ms
[2025-10-11 20:42:48.213] [info] [427] yolo: 10.4ms, tracker: 0.0ms, aimer: 0.0ms
[2025-10-11 20:42:48.256] [info] [428] yolo: 7.9ms, tracker: 0.4ms, aimer: 0.0ms
[2025-10-11 20:42:48.299] [info] [429] yolo: 7.6ms, tracker: 0.4ms, aimer: 0.0ms
[2025-10-11 20:42:48.342] [info] [430] yolo: 8.0ms, tracker: 0.0ms, aimer: 0.0ms
[2025-10-11 20:42:48.386] [info] [431] yolo: 8.7ms, tracker: 0.4ms, aimer: 0.0ms
[2025-10-11 20:42:48.429] [info] [432] yolo: 7.9ms, tracker: 0.4ms, aimer: 0.0ms
[2025-10-11 20:42:48.472] [info] [433] yolo: 8.2ms, tracker: 0.4ms, aimer: 0.0ms
[2025-10-11 20:42:48.515] [info] [434] yolo: 8.7ms, tracker: 0.4ms, aimer: 0.0ms
[2025-10-11 20:42:48.558] [info] [435] yolo: 8.6ms, tracker: 0.4ms, aimer: 0.0ms
[2025-10-11 20:42:48.602] [info] [436] yolo: 8.3ms, tracker: 0.7ms, aimer: 0.0ms
[2025-10-11 20:42:48.645] [info] [437] yolo: 8.0ms, tracker: 0.7ms, aimer: 0.0ms
[2025-10-11 20:42:48.687] [info] [438] yolo: 8.3ms, tracker: 0.4ms, aimer: 0.0ms
[2025-10-11 20:42:48.731] [info] [439] yolo: 8.2ms, tracker: 0.4ms, aimer: 0.0ms
[2025-10-11 20:42:48.773] [info] [440] yolo: 8.2ms, tracker: 0.0ms, aimer: 0.0ms
[2025-10-11 20:42:48.816] [info] [441] yolo: 8.1ms, tracker: 0.4ms, aimer: 0.0ms
[2025-10-11 20:42:48.859] [info] [442] yolo: 8.0ms, tracker: 0.4ms, aimer: 0.0ms
[2025-10-11 20:42:48.903] [info] [443] yolo: 8.2ms, tracker: 0.4ms, aimer: 0.0ms
[2025-10-11 20:42:48.946] [info] [444] yolo: 8.3ms, tracker: 0.4ms, aimer: 0.0ms
[2025-10-11 20:42:48.990] [info] [445] yolo: 8.6ms, tracker: 0.5ms, aimer: 0.0ms
[2025-10-11 20:42:49.033] [info] [446] yolo: 9.1ms, tracker: 0.0ms, aimer: 0.0ms
[2025-10-11 20:42:49.077] [info] [447] yolo: 8.2ms, tracker: 0.0ms, aimer: 0.0ms
[2025-10-11 20:42:49.120] [info] [448] yolo: 8.1ms, tracker: 0.0ms, aimer: 0.0ms
[2025-10-11 20:42:49.164] [info] [449] yolo: 8.3ms, tracker: 0.4ms, aimer: 0.0ms
[2025-10-11 20:42:49.207] [info] [450] yolo: 7.9ms, tracker: 0.0ms, aimer: 0.0ms
[2025-10-11 20:42:49.250] [info] [451] yolo: 8.3ms, tracker: 0.4ms, aimer: 0.0ms
[2025-10-11 20:42:49.293] [info] [452] yolo: 8.1ms, tracker: 0.4ms, aimer: 0.0ms
[2025-10-11 20:42:49.336] [info] [453] yolo: 8.3ms, tracker: 0.0ms, aimer: 0.0ms
[2025-10-11 20:42:49.378] [info] [454] yolo: 8.1ms, tracker: 0.0ms, aimer: 0.0ms
[2025-10-11 20:42:49.422] [info] [455] yolo: 8.0ms, tracker: 0.0ms, aimer: 0.0ms
[2025-10-11 20:42:49.464] [info] [456] yolo: 7.6ms, tracker: 0.0ms, aimer: 0.0ms
[2025-10-11 20:42:49.507] [info] [457] yolo: 7.8ms, tracker: 0.0ms, aimer: 0.0ms
[2025-10-11 20:42:49.549] [info] [458] yolo: 8.6ms, tracker: 0.0ms, aimer: 0.0ms
[2025-10-11 20:42:49.592] [info] [459] yolo: 8.1ms, tracker: 0.0ms, aimer: 0.0ms
[2025-10-11 20:42:49.634] [info] [460] yolo: 7.6ms, tracker: 0.0ms, aimer: 0.0ms
[2025-10-11 20:42:49.677] [info] [461] yolo: 7.8ms, tracker: 0.0ms, aimer: 0.0ms
[2025-10-11 20:42:49.719] [info] [462] yolo: 7.8ms, tracker: 0.0ms, aimer: 0.0ms
[2025-10-11 20:42:49.763] [warning] [Tracker] Large dt: 1.021s
[2025-10-11 20:42:49.763] [info] [463] yolo: 7.9ms, tracker: 0.5ms, aimer: 0.0ms
[2025-10-11 20:42:49.806] [info] [464] yolo: 8.0ms, tracker: 0.4ms, aimer: 0.0ms
[2025-10-11 20:42:49.849] [info] [465] yolo: 8.0ms, tracker: 0.4ms, aimer: 0.0ms
[2025-10-11 20:42:49.892] [info] [466] yolo: 8.0ms, tracker: 0.4ms, aimer: 0.0ms
[2025-10-11 20:42:49.936] [info] [467] yolo: 8.2ms, tracker: 0.4ms, aimer: 0.0ms
[2025-10-11 20:42:49.979] [info] [468] yolo: 8.2ms, tracker: 0.4ms, aimer: 0.0ms
[2025-10-11 20:42:50.023] [info] [469] yolo: 8.1ms, tracker: 0.4ms, aimer: 0.0ms
[2025-10-11 20:42:50.066] [info] [470] yolo: 7.9ms, tracker: 0.4ms, aimer: 0.0ms
[2025-10-11 20:42:50.111] [info] [471] yolo: 8.2ms, tracker: 0.8ms, aimer: 0.0ms
[2025-10-11 20:42:50.154] [info] [472] yolo: 8.1ms, tracker: 0.7ms, aimer: 0.0ms
[2025-10-11 20:42:50.199] [info] [473] yolo: 8.3ms, tracker: 0.4ms, aimer: 0.0ms
[2025-10-11 20:42:50.242] [info] [474] yolo: 8.0ms, tracker: 0.4ms, aimer: 0.0ms
[2025-10-11 20:42:50.286] [info] [475] yolo: 8.0ms, tracker: 0.8ms, aimer: 0.0ms
[2025-10-11 20:42:50.329] [info] [476] yolo: 8.0ms, tracker: 0.7ms, aimer: 0.0ms
[2025-10-11 20:42:50.373] [info] [477] yolo: 8.5ms, tracker: 0.4ms, aimer: 0.0ms
[2025-10-11 20:42:50.416] [info] [478] yolo: 7.8ms, tracker: 0.4ms, aimer: 0.0ms
[2025-10-11 20:42:50.460] [info] [479] yolo: 8.1ms, tracker: 0.4ms, aimer: 0.0ms
[2025-10-11 20:42:50.502] [info] [480] yolo: 7.7ms, tracker: 0.0ms, aimer: 0.0ms
[2025-10-11 20:42:50.546] [info] [481] yolo: 8.7ms, tracker: 0.0ms, aimer: 0.0ms
[2025-10-11 20:42:50.588] [info] [482] yolo: 7.5ms, tracker: 0.5ms, aimer: 0.0ms
[2025-10-11 20:42:50.631] [info] [483] yolo: 8.0ms, tracker: 0.0ms, aimer: 0.0ms
[2025-10-11 20:42:50.673] [info] [484] yolo: 7.9ms, tracker: 0.4ms, aimer: 0.0ms
[2025-10-11 20:42:50.717] [info] [485] yolo: 8.5ms, tracker: 0.4ms, aimer: 0.0ms
[2025-10-11 20:42:50.759] [info] [486] yolo: 7.5ms, tracker: 0.4ms, aimer: 0.0ms
[2025-10-11 20:42:50.804] [info] [487] yolo: 8.1ms, tracker: 0.4ms, aimer: 0.0ms
[2025-10-11 20:42:50.846] [info] [488] yolo: 8.2ms, tracker: 0.4ms, aimer: 0.0ms
[2025-10-11 20:42:50.890] [info] [489] yolo: 8.0ms, tracker: 0.4ms, aimer: 0.0ms
[2025-10-11 20:42:50.933] [info] [490] yolo: 8.2ms, tracker: 0.4ms, aimer: 0.0ms
[2025-10-11 20:42:50.977] [info] [491] yolo: 8.1ms, tracker: 0.4ms, aimer: 0.0ms
[2025-10-11 20:42:51.019] [info] [492] yolo: 7.5ms, tracker: 0.0ms, aimer: 0.0ms
[2025-10-11 20:42:51.063] [info] [493] yolo: 8.7ms, tracker: 0.0ms, aimer: 0.0ms
[2025-10-11 20:42:51.106] [info] [494] yolo: 7.9ms, tracker: 0.4ms, aimer: 0.0ms
[2025-10-11 20:42:51.149] [info] [495] yolo: 8.3ms, tracker: 0.0ms, aimer: 0.0ms
[2025-10-11 20:42:51.192] [info] [496] yolo: 7.9ms, tracker: 0.4ms, aimer: 0.0ms
[2025-10-11 20:42:51.236] [info] [497] yolo: 8.8ms, tracker: 0.4ms, aimer: 0.0ms
[2025-10-11 20:42:51.278] [info] [498] yolo: 7.9ms, tracker: 0.0ms, aimer: 0.0ms
[2025-10-11 20:42:51.321] [info] [499] yolo: 8.2ms, tracker: 0.0ms, aimer: 0.0ms
[2025-10-11 20:42:51.363] [info] [500] yolo: 7.8ms, tracker: 0.0ms, aimer: 0.0ms
[2025-10-11 20:42:51.413] [info] [501] yolo: 13.9ms, tracker: 0.0ms, aimer: 0.0ms
[2025-10-11 20:42:51.456] [info] [502] yolo: 8.1ms, tracker: 0.0ms, aimer: 0.0ms
[2025-10-11 20:42:51.499] [info] [503] yolo: 7.8ms, tracker: 0.0ms, aimer: 0.0ms
[2025-10-11 20:42:51.541] [info] [504] yolo: 7.7ms, tracker: 0.0ms, aimer: 0.0ms
[2025-10-11 20:42:51.584] [info] [505] yolo: 8.5ms, tracker: 0.0ms, aimer: 0.0ms
[2025-10-11 20:42:51.626] [info] [506] yolo: 7.8ms, tracker: 0.0ms, aimer: 0.0ms
[2025-10-11 20:42:51.669] [info] [507] yolo: 7.6ms, tracker: 0.0ms, aimer: 0.0ms
[2025-10-11 20:42:51.712] [info] [508] yolo: 7.8ms, tracker: 0.0ms, aimer: 0.0ms
[2025-10-11 20:42:51.756] [info] [509] yolo: 7.9ms, tracker: 0.0ms, aimer: 0.0ms
[2025-10-11 20:42:51.798] [info] [510] yolo: 8.2ms, tracker: 0.0ms, aimer: 0.0ms
[2025-10-11 20:42:51.842] [info] [511] yolo: 8.2ms, tracker: 0.0ms, aimer: 0.0ms
[2025-10-11 20:42:51.884] [info] [512] yolo: 7.7ms, tracker: 0.0ms, aimer: 0.0ms
[2025-10-11 20:42:51.928] [warning] [Tracker] Large dt: 17.228s
[2025-10-11 20:42:51.928] [info] [513] yolo: 8.2ms, tracker: 0.4ms, aimer: 0.0ms
[2025-10-11 20:42:51.971] [info] [514] yolo: 7.8ms, tracker: 0.7ms, aimer: 0.0ms
[2025-10-11 20:42:52.016] [info] [515] yolo: 9.0ms, tracker: 0.8ms, aimer: 0.0ms
[2025-10-11 20:42:52.059] [info] [516] yolo: 8.8ms, tracker: 0.4ms, aimer: 0.0ms
[2025-10-11 20:42:52.104] [info] [517] yolo: 8.9ms, tracker: 0.7ms, aimer: 0.0ms
[2025-10-11 20:42:52.148] [info] [518] yolo: 9.2ms, tracker: 0.4ms, aimer: 0.0ms
[2025-10-11 20:42:52.191] [info] [519] yolo: 8.7ms, tracker: 0.4ms, aimer: 0.0ms
[2025-10-11 20:42:52.235] [info] [520] yolo: 8.5ms, tracker: 0.4ms, aimer: 0.0ms
[2025-10-11 20:42:52.279] [info] [521] yolo: 9.3ms, tracker: 0.4ms, aimer: 0.0ms
[2025-10-11 20:42:52.322] [info] [522] yolo: 8.1ms, tracker: 0.4ms, aimer: 0.0ms
[2025-10-11 20:42:52.366] [info] [523] yolo: 8.6ms, tracker: 0.0ms, aimer: 0.0ms
[2025-10-11 20:42:52.409] [info] [524] yolo: 9.2ms, tracker: 0.0ms, aimer: 0.0ms
[2025-10-11 20:42:52.454] [info] [525] yolo: 8.7ms, tracker: 0.4ms, aimer: 0.0ms
[2025-10-11 20:42:52.497] [info] [526] yolo: 8.7ms, tracker: 0.0ms, aimer: 0.0ms
[2025-10-11 20:42:52.540] [info] [527] yolo: 7.7ms, tracker: 0.4ms, aimer: 0.0ms
[2025-10-11 20:42:52.583] [info] [528] yolo: 7.9ms, tracker: 0.4ms, aimer: 0.0ms
[2025-10-11 20:42:52.627] [info] [529] yolo: 8.2ms, tracker: 0.4ms, aimer: 0.0ms
[2025-10-11 20:42:52.669] [info] [530] yolo: 7.9ms, tracker: 0.0ms, aimer: 0.0ms
[2025-10-11 20:42:52.713] [info] [531] yolo: 8.2ms, tracker: 0.4ms, aimer: 0.0ms
[2025-10-11 20:42:52.756] [info] [532] yolo: 8.8ms, tracker: 0.0ms, aimer: 0.0ms
[2025-10-11 20:42:52.800] [info] [533] yolo: 8.2ms, tracker: 0.4ms, aimer: 0.0ms
[2025-10-11 20:42:52.842] [info] [534] yolo: 7.8ms, tracker: 0.4ms, aimer: 0.0ms
[2025-10-11 20:42:52.886] [info] [535] yolo: 8.0ms, tracker: 0.4ms, aimer: 0.0ms
[2025-10-11 20:42:52.929] [info] [536] yolo: 8.2ms, tracker: 0.0ms, aimer: 0.0ms
[2025-10-11 20:42:52.973] [info] [537] yolo: 8.5ms, tracker: 0.4ms, aimer: 0.0ms
[2025-10-11 20:42:53.015] [info] [538] yolo: 8.0ms, tracker: 0.4ms, aimer: 0.0ms
[2025-10-11 20:42:53.059] [info] [539] yolo: 8.5ms, tracker: 0.4ms, aimer: 0.0ms
[2025-10-11 20:42:53.102] [info] [540] yolo: 7.9ms, tracker: 0.4ms, aimer: 0.0ms
[2025-10-11 20:42:53.147] [info] [541] yolo: 9.4ms, tracker: 0.4ms, aimer: 0.0ms
[2025-10-11 20:42:53.191] [info] [542] yolo: 8.1ms, tracker: 0.4ms, aimer: 0.0ms
[2025-10-11 20:42:53.235] [info] [543] yolo: 8.5ms, tracker: 0.4ms, aimer: 0.0ms
[2025-10-11 20:42:53.278] [info] [544] yolo: 8.3ms, tracker: 0.4ms, aimer: 0.0ms
[2025-10-11 20:42:53.322] [info] [545] yolo: 8.5ms, tracker: 0.8ms, aimer: 0.0ms
[2025-10-11 20:42:53.365] [info] [546] yolo: 8.0ms, tracker: 0.8ms, aimer: 0.0ms
[2025-10-11 20:42:53.409] [info] [547] yolo: 8.1ms, tracker: 0.4ms, aimer: 0.0ms
[2025-10-11 20:42:53.453] [info] [548] yolo: 8.6ms, tracker: 0.8ms, aimer: 0.0ms
[2025-10-11 20:42:53.497] [info] [549] yolo: 8.1ms, tracker: 0.4ms, aimer: 0.0ms
[2025-10-11 20:42:53.540] [info] [550] yolo: 8.2ms, tracker: 0.4ms, aimer: 0.0ms
[2025-10-11 20:42:53.584] [info] [551] yolo: 8.2ms, tracker: 0.4ms, aimer: 0.0ms
[2025-10-11 20:42:53.627] [info] [552] yolo: 8.1ms, tracker: 0.4ms, aimer: 0.0ms
[2025-10-11 20:42:53.671] [info] [553] yolo: 8.8ms, tracker: 0.4ms, aimer: 0.0ms
[2025-10-11 20:42:53.714] [info] [554] yolo: 8.3ms, tracker: 0.4ms, aimer: 0.0ms
[2025-10-11 20:42:53.758] [info] [555] yolo: 8.5ms, tracker: 0.5ms, aimer: 0.0ms
[2025-10-11 20:42:53.801] [info] [556] yolo: 7.9ms, tracker: 0.4ms, aimer: 0.0ms
[2025-10-11 20:42:53.844] [info] [557] yolo: 8.3ms, tracker: 0.4ms, aimer: 0.0ms
[2025-10-11 20:42:53.888] [info] [558] yolo: 9.7ms, tracker: 0.4ms, aimer: 0.0ms
[2025-10-11 20:42:53.933] [info] [559] yolo: 8.9ms, tracker: 0.4ms, aimer: 0.0ms
[2025-10-11 20:42:53.976] [info] [560] yolo: 8.7ms, tracker: 0.0ms, aimer: 0.0ms
[2025-10-11 20:42:54.021] [info] [561] yolo: 8.9ms, tracker: 0.0ms, aimer: 0.0ms
[2025-10-11 20:42:54.064] [info] [562] yolo: 8.4ms, tracker: 0.4ms, aimer: 0.0ms
[2025-10-11 20:42:54.107] [info] [563] yolo: 8.5ms, tracker: 0.0ms, aimer: 0.0ms
[2025-10-11 20:42:54.150] [info] [564] yolo: 7.9ms, tracker: 0.4ms, aimer: 0.0ms
[2025-10-11 20:42:54.195] [info] [565] yolo: 8.2ms, tracker: 0.4ms, aimer: 0.0ms
[2025-10-11 20:42:54.238] [info] [566] yolo: 7.7ms, tracker: 0.4ms, aimer: 0.0ms
[2025-10-11 20:42:54.282] [info] [567] yolo: 9.2ms, tracker: 0.0ms, aimer: 0.0ms
[2025-10-11 20:42:54.325] [info] [568] yolo: 7.8ms, tracker: 0.4ms, aimer: 0.0ms
[2025-10-11 20:42:54.369] [info] [569] yolo: 8.1ms, tracker: 0.0ms, aimer: 0.0ms
[2025-10-11 20:42:54.411] [info] [570] yolo: 8.2ms, tracker: 0.0ms, aimer: 0.0ms
[2025-10-11 20:42:54.456] [info] [571] yolo: 8.3ms, tracker: 0.4ms, aimer: 0.0ms
[2025-10-11 20:42:54.499] [info] [572] yolo: 7.6ms, tracker: 0.4ms, aimer: 0.0ms
[2025-10-11 20:42:54.542] [info] [573] yolo: 8.0ms, tracker: 0.0ms, aimer: 0.0ms
[2025-10-11 20:42:54.585] [info] [574] yolo: 8.5ms, tracker: 0.0ms, aimer: 0.0ms
[2025-10-11 20:42:54.631] [info] [575] yolo: 8.9ms, tracker: 0.4ms, aimer: 0.0ms
[2025-10-11 20:42:54.673] [info] [576] yolo: 8.2ms, tracker: 0.0ms, aimer: 0.0ms
[2025-10-11 20:42:54.717] [info] [577] yolo: 7.9ms, tracker: 0.4ms, aimer: 0.0ms
[2025-10-11 20:42:54.760] [info] [578] yolo: 8.4ms, tracker: 0.4ms, aimer: 0.0ms
[2025-10-11 20:42:54.805] [info] [579] yolo: 9.2ms, tracker: 0.4ms, aimer: 0.0ms
[2025-10-11 20:42:54.850] [info] [580] yolo: 10.2ms, tracker: 0.4ms, aimer: 0.0ms
